# JRE version: Java(TM) SE Runtime Environment (8.0_202-b08) (build 1.8.0_202-b08)
# Java VM: Java HotSpot(TM) 64-Bit Server VM (25.202-b08 mixed mode windows-amd64 compressed oops)
Heap:
 PSYoungGen      total 61440K, used 4910K [0x000000076c500000, 0x0000000770b80000, 0x00000007c0000000)
  eden space 60416K, 6% used [0x000000076c500000,0x000000076c913958,0x0000000770000000)
  from space 1024K, 71% used [0x0000000770680000,0x0000000770738000,0x0000000770780000)
  to   space 4096K, 0% used [0x0000000770780000,0x0000000770780000,0x0000000770b80000)
 ParOldGen       total 172032K, used 3355K [0x00000006c4e00000, 0x00000006cf600000, 0x000000076c500000)
  object space 172032K, 1% used [0x00000006c4e00000,0x00000006c5146d90,0x00000006cf600000)
 Metaspace       used 14503K, capacity 14776K, committed 14848K, reserved 1062912K
  class space    used 1650K, capacity 1748K, committed 1792K, reserved 1048576K
GC Heap History (10 events):
Event: 44.824 GC heap before
{Heap before GC invocations=3 (full 0):
 PSYoungGen      total 75264K, used 68075K [0x000000076c500000, 0x0000000771900000, 0x00000007c0000000)
  eden space 64512K, 100% used [0x000000076c500000,0x0000000770400000,0x0000000770400000)
  from space 10752K, 33% used [0x0000000770e80000,0x00000007711fadc0,0x0000000771900000)
  to   space 10752K, 0% used [0x0000000770400000,0x0000000770400000,0x0000000770e80000)
 ParOldGen       total 172032K, used 24K [0x00000006c4e00000, 0x00000006cf600000, 0x000000076c500000)
  object space 172032K, 0% used [0x00000006c4e00000,0x00000006c4e06000,0x00000006cf600000)
 Metaspace       used 14294K, capacity 14580K, committed 14848K, reserved 1062912K
  class space    used 1647K, capacity 1748K, committed 1792K, reserved 1048576K
Event: 44.827 GC heap after
Heap after GC invocations=3 (full 0):
 PSYoungGen      total 75264K, used 3325K [0x000000076c500000, 0x0000000771900000, 0x00000007c0000000)
  eden space 64512K, 0% used [0x000000076c500000,0x000000076c500000,0x0000000770400000)
  from space 10752K, 30% used [0x0000000770400000,0x000000077073f510,0x0000000770e80000)
  to   space 10752K, 0% used [0x0000000770e80000,0x0000000770e80000,0x0000000771900000)
 ParOldGen       total 172032K, used 32K [0x00000006c4e00000, 0x00000006cf600000, 0x000000076c500000)
  object space 172032K, 0% used [0x00000006c4e00000,0x00000006c4e08000,0x00000006cf600000)
 Metaspace       used 14294K, capacity 14580K, committed 14848K, reserved 1062912K
  class space    used 1647K, capacity 1748K, committed 1792K, reserved 1048576K
}
Event: 81.035 GC heap before
{Heap before GC invocations=4 (full 0):
 PSYoungGen      total 75264K, used 67837K [0x000000076c500000, 0x0000000771900000, 0x00000007c0000000)
  eden space 64512K, 100% used [0x000000076c500000,0x0000000770400000,0x0000000770400000)
  from space 10752K, 30% used [0x0000000770400000,0x000000077073f510,0x0000000770e80000)
  to   space 10752K, 0% used [0x0000000770e80000,0x0000000770e80000,0x0000000771900000)
 ParOldGen       total 172032K, used 32K [0x00000006c4e00000, 0x00000006cf600000, 0x000000076c500000)
  object space 172032K, 0% used [0x00000006c4e00000,0x00000006c4e08000,0x00000006cf600000)
 Metaspace       used 14354K, capacity 14648K, committed 14848K, reserved 1062912K
  class space    used 1647K, capacity 1748K, committed 1792K, reserved 1048576K
Event: 81.038 GC heap after
Heap after GC invocations=4 (full 0):
 PSYoungGen      total 75264K, used 3309K [0x000000076c500000, 0x0000000771900000, 0x00000007c0000000)
  eden space 64512K, 0% used [0x000000076c500000,0x000000076c500000,0x0000000770400000)
  from space 10752K, 30% used [0x0000000770e80000,0x00000007711bb520,0x0000000771900000)
  to   space 10752K, 0% used [0x0000000770400000,0x0000000770400000,0x0000000770e80000)
 ParOldGen       total 172032K, used 40K [0x00000006c4e00000, 0x00000006cf600000, 0x000000076c500000)
  object space 172032K, 0% used [0x00000006c4e00000,0x00000006c4e0a000,0x00000006cf600000)
 Metaspace       used 14354K, capacity 14648K, committed 14848K, reserved 1062912K
  class space    used 1647K, capacity 1748K, committed 1792K, reserved 1048576K
}
Event: 122.686 GC heap before
{Heap before GC invocations=5 (full 0):
 PSYoungGen      total 75264K, used 67821K [0x000000076c500000, 0x0000000771900000, 0x00000007c0000000)
  eden space 64512K, 100% used [0x000000076c500000,0x0000000770400000,0x0000000770400000)
  from space 10752K, 30% used [0x0000000770e80000,0x00000007711bb520,0x0000000771900000)
  to   space 10752K, 0% used [0x0000000770400000,0x0000000770400000,0x0000000770e80000)
 ParOldGen       total 172032K, used 40K [0x00000006c4e00000, 0x00000006cf600000, 0x000000076c500000)
  object space 172032K, 0% used [0x00000006c4e00000,0x00000006c4e0a000,0x00000006cf600000)
 Metaspace       used 14452K, capacity 14776K, committed 14848K, reserved 1062912K
  class space    used 1648K, capacity 1748K, committed 1792K, reserved 1048576K
Event: 122.688 GC heap after
Heap after GC invocations=5 (full 0):
 PSYoungGen      total 66560K, used 3413K [0x000000076c500000, 0x0000000770f00000, 0x00000007c0000000)
  eden space 62976K, 0% used [0x000000076c500000,0x000000076c500000,0x0000000770280000)
  from space 3584K, 95% used [0x0000000770400000,0x0000000770755520,0x0000000770780000)
  to   space 4096K, 0% used [0x0000000770b00000,0x0000000770b00000,0x0000000770f00000)
 ParOldGen       total 172032K, used 48K [0x00000006c4e00000, 0x00000006cf600000, 0x000000076c500000)
  object space 172032K, 0% used [0x00000006c4e00000,0x00000006c4e0c000,0x00000006cf600000)
 Metaspace       used 14452K, capacity 14776K, committed 14848K, reserved 1062912K
  class space    used 1648K, capacity 1748K, committed 1792K, reserved 1048576K
}
Event: 151.018 GC heap before
{Heap before GC invocations=6 (full 0):
 PSYoungGen      total 66560K, used 66389K [0x000000076c500000, 0x0000000770f00000, 0x00000007c0000000)
  eden space 62976K, 100% used [0x000000076c500000,0x0000000770280000,0x0000000770280000)
  from space 3584K, 95% used [0x0000000770400000,0x0000000770755520,0x0000000770780000)
  to   space 4096K, 0% used [0x0000000770b00000,0x0000000770b00000,0x0000000770f00000)
 ParOldGen       total 172032K, used 48K [0x00000006c4e00000, 0x00000006cf600000, 0x000000076c500000)
  object space 172032K, 0% used [0x00000006c4e00000,0x00000006c4e0c000,0x00000006cf600000)
 Metaspace       used 14490K, capacity 14776K, committed 14848K, reserved 1062912K
  class space    used 1649K, capacity 1748K, committed 1792K, reserved 1048576K
Event: 151.021 GC heap after
Heap after GC invocations=6 (full 0):
 PSYoungGen      total 65024K, used 3543K [0x000000076c500000, 0x0000000770e80000, 0x00000007c0000000)
  eden space 61440K, 0% used [0x000000076c500000,0x000000076c500000,0x0000000770100000)
  from space 3584K, 98% used [0x0000000770b00000,0x0000000770e75f00,0x0000000770e80000)
  to   space 4096K, 0% used [0x0000000770680000,0x0000000770680000,0x0000000770a80000)
 ParOldGen       total 172032K, used 56K [0x00000006c4e00000, 0x00000006cf600000, 0x000000076c500000)
  object space 172032K, 0% used [0x00000006c4e00000,0x00000006c4e0e000,0x00000006cf600000)
 Metaspace       used 14490K, capacity 14776K, committed 14848K, reserved 1062912K
  class space    used 1649K, capacity 1748K, committed 1792K, reserved 1048576K
}
Event: 180.119 GC heap before
{Heap before GC invocations=7 (full 0):
 PSYoungGen      total 65024K, used 64983K [0x000000076c500000, 0x0000000770e80000, 0x00000007c0000000)
  eden space 61440K, 100% used [0x000000076c500000,0x0000000770100000,0x0000000770100000)
  from space 3584K, 98% used [0x0000000770b00000,0x0000000770e75f00,0x0000000770e80000)
  to   space 4096K, 0% used [0x0000000770680000,0x0000000770680000,0x0000000770a80000)
 ParOldGen       total 172032K, used 56K [0x00000006c4e00000, 0x00000006cf600000, 0x000000076c500000)
  object space 172032K, 0% used [0x00000006c4e00000,0x00000006c4e0e000,0x00000006cf600000)
 Metaspace       used 14496K, capacity 14776K, committed 14848K, reserved 1062912K
  class space    used 1649K, capacity 1748K, committed 1792K, reserved 1048576K
Event: 180.122 GC heap after
Heap after GC invocations=7 (full 0):
 PSYoungGen      total 61440K, used 736K [0x000000076c500000, 0x0000000770b80000, 0x00000007c0000000)
  eden space 60416K, 0% used [0x000000076c500000,0x000000076c500000,0x0000000770000000)
  from space 1024K, 71% used [0x0000000770680000,0x0000000770738000,0x0000000770780000)
  to   space 4096K, 0% used [0x0000000770780000,0x0000000770780000,0x0000000770b80000)
 ParOldGen       total 172032K, used 3355K [0x00000006c4e00000, 0x00000006cf600000, 0x000000076c500000)
  object space 172032K, 1% used [0x00000006c4e00000,0x00000006c5146d90,0x00000006cf600000)
 Metaspace       used 14496K, capacity 14776K, committed 14848K, reserved 1062912K
  class space    used 1649K, capacity 1748K, committed 1792K, reserved 1048576K
}

